[debug] [2022-05-28T00:51:23.176Z] ----------------------------------------------------------------------
[debug] [2022-05-28T00:51:23.179Z] Command:       C:\Program Files\nodejs\node.exe C:\Users\Admin\AppData\Roaming\npm\node_modules\firebase-tools\lib\bin\firebase.js init
[debug] [2022-05-28T00:51:23.180Z] CLI Version:   10.1.2
[debug] [2022-05-28T00:51:23.180Z] Platform:      win32
[debug] [2022-05-28T00:51:23.180Z] Node Version:  v16.13.2
[debug] [2022-05-28T00:51:23.182Z] Time:          Sat May 28 2022 05:51:23 GMT+0500 (Pakistan Standard Time)
[debug] [2022-05-28T00:51:23.182Z] ----------------------------------------------------------------------
[debug] 
[debug] [2022-05-28T00:51:23.195Z] > command requires scopes: ["email","openid","https://www.googleapis.com/auth/cloudplatformprojects.readonly","https://www.googleapis.com/auth/firebase","https://www.googleapis.com/auth/cloud-platform"]
[debug] [2022-05-28T00:51:23.196Z] > authorizing via signed-in user (huzaifanadeem621@gmail.com)
[info] 
     ######## #### ########  ######## ########     ###     ######  ########
     ##        ##  ##     ## ##       ##     ##  ##   ##  ##       ##
     ######    ##  ########  ######   ########  #########  ######  ######
     ##        ##  ##    ##  ##       ##     ## ##     ##       ## ##
     ##       #### ##     ## ######## ########  ##     ##  ######  ########

You're about to initialize a Firebase project in this directory:

  D:\jawwan pak\JAVA main folder\new todo list

[debug] [2022-05-28T00:55:13.918Z] Error: kill ENOSYS
    at process.kill (node:internal/process/per_thread:215:13)
    at process.listener (C:\Users\Admin\AppData\Roaming\npm\node_modules\firebase-tools\node_modules\signal-exit\index.js:95:15)
    at process.emit (node:events:390:28)
[error] 
[error] Error: An unexpected error has occurred.
